0 verbose cli C:\Program Files\nodejs\node.exe C:\Program Files\nodejs\node_modules\npm\bin\npm-cli.js
1 info using npm@10.9.3
2 info using node@v22.18.0
3 silly config load:file:C:\Program Files\nodejs\node_modules\npm\npmrc
4 silly config load:file:C:\Users\anike\.npmrc
5 silly config load:file:C:\Users\anike\OneDrive\Desktop\Official Ani\PROJECT_MANAGEMENT\%NPM_HOME%\npm\etc\npmrc
6 verbose title npm init
7 verbose argv "init"
8 verbose logfile logs-max:10 dir:C:\Users\anike\OneDrive\Desktop\Official Ani\PROJECT_MANAGEMENT\%NPM_HOME%\npm-cache\_logs\2025-10-10T05_15_43_837Z-
9 verbose logfile C:\Users\anike\OneDrive\Desktop\Official Ani\PROJECT_MANAGEMENT\%NPM_HOME%\npm-cache\_logs\2025-10-10T05_15_43_837Z-debug-0.log
10 silly logfile done cleaning log files
11 http fetch GET 200 https://registry.npmjs.org/npm 429ms
12 silly package data {
12 silly package data   name: 'project_management',
12 silly package data   version: '1.0.0',
12 silly package data   description: 'a project management application for beginners',
12 silly package data   main: 'index.js',
12 silly package data   scripts: { test: 'echo "Error: no test specified" && exit 1' },
12 silly package data   keywords: [ 'Backend', 'API', 'creation' ],
12 silly package data   author: 'Aniket',
12 silly package data   license: 'ISC'
12 silly package data }
13 verbose cwd C:\Users\anike\OneDrive\Desktop\Official Ani\PROJECT_MANAGEMENT
14 verbose os Windows_NT 10.0.26100
15 verbose node v22.18.0
16 verbose npm  v10.9.3
17 notice
17 notice New [31mmajor[39m version of npm available! [31m10.9.3[39m -> [34m11.6.2[39m
17 notice Changelog: [34mhttps://github.com/npm/cli/releases/tag/v11.6.2[39m
17 notice To update run: [4mnpm install -g npm@11.6.2[24m
17 notice  { force: true, [Symbol(proc-log.meta)]: true }
18 verbose exit 0
19 info ok
