0 verbose cli C:\Program Files\nodejs\node.exe C:\Users\anike\OneDrive\Desktop\Official Ani\PROJECT_MANAGEMENT\%NPM_HOME%\npm\node_modules\npm\bin\npm-cli.js
1 info using npm@11.6.2
2 info using node@v22.18.0
3 silly config load:file:C:\Users\anike\OneDrive\Desktop\Official Ani\PROJECT_MANAGEMENT\%NPM_HOME%\npm\node_modules\npm\npmrc
4 silly config load:file:C:\Users\anike\OneDrive\Desktop\Official Ani\PROJECT_MANAGEMENT\.npmrc
5 silly config load:file:C:\Users\anike\.npmrc
6 silly config load:file:C:\Users\anike\OneDrive\Desktop\Official Ani\PROJECT_MANAGEMENT\%NPM_HOME%\npm\etc\npmrc
7 verbose title npm install prettier
8 verbose argv "install" "--save-dev" "--save-exact" "prettier"
9 verbose logfile logs-max:10 dir:C:\Users\anike\OneDrive\Desktop\Official Ani\PROJECT_MANAGEMENT\%NPM_HOME%\npm-cache\_logs\2025-10-10T05_31_09_244Z-
10 verbose logfile C:\Users\anike\OneDrive\Desktop\Official Ani\PROJECT_MANAGEMENT\%NPM_HOME%\npm-cache\_logs\2025-10-10T05_31_09_244Z-debug-0.log
11 silly logfile done cleaning log files
12 silly packumentCache heap:2197815296 maxSize:549453824 maxEntrySize:274726912
13 silly idealTree buildDeps
14 silly fetch manifest prettier@*
15 silly packumentCache full:https://registry.npmjs.org/prettier cache-miss
16 http fetch GET 200 https://registry.npmjs.org/prettier 1342ms (cache miss)
17 silly packumentCache full:https://registry.npmjs.org/prettier set size:undefined disposed:false
18 silly placeDep ROOT prettier@3.6.2 OK for: project_management@1.0.0 want: *
19 silly reify moves {}
20 silly audit bulk request { prettier: [ '3.6.2' ] }
21 http cache prettier@https://registry.npmjs.org/prettier/-/prettier-3.6.2.tgz 0ms (cache hit)
22 silly tarball no local data for prettier@https://registry.npmjs.org/prettier/-/prettier-3.6.2.tgz. Extracting by manifest.
23 http fetch POST 200 https://registry.npmjs.org/-/npm/v1/security/advisories/bulk 1734ms
24 silly audit report {}
25 http fetch GET 200 https://registry.npmjs.org/prettier/-/prettier-3.6.2.tgz 14810ms (cache miss)
26 silly ADD node_modules/prettier
27 verbose cwd C:\Users\anike\OneDrive\Desktop\Official Ani\PROJECT_MANAGEMENT
28 verbose os Windows_NT 10.0.26100
29 verbose node v22.18.0
30 verbose npm  v11.6.2
31 verbose exit 0
32 info ok
